E, [2022-01-08T19:21:36.293515 #30108] ERROR -- Kitchen: ------Exception-------
E, [2022-01-08T19:21:36.293859 #30108] ERROR -- Kitchen: Class: Kitchen::UserError
E, [2022-01-08T19:21:36.293911 #30108] ERROR -- Kitchen: Message: Kitchen YAML file /Users/anselm/Desktop/Master DevOps/Herramientas_de_Automatizacion_de_Despliegues/Actividades/Actividad_2-Grupal/chef/kitchen.yml does not exist.
E, [2022-01-08T19:21:36.293943 #30108] ERROR -- Kitchen: ----------------------
E, [2022-01-08T19:21:36.293966 #30108] ERROR -- Kitchen: ------Backtrace-------
E, [2022-01-08T19:21:36.293996 #30108] ERROR -- Kitchen: /opt/chef-workstation/embedded/lib/ruby/gems/3.0.0/gems/test-kitchen-3.2.2/lib/kitchen/loader/yaml.rb:65:in `read'
E, [2022-01-08T19:21:36.294023 #30108] ERROR -- Kitchen: /opt/chef-workstation/embedded/lib/ruby/gems/3.0.0/gems/test-kitchen-3.2.2/lib/kitchen/config.rb:153:in `data'
E, [2022-01-08T19:21:36.294045 #30108] ERROR -- Kitchen: /opt/chef-workstation/embedded/lib/ruby/gems/3.0.0/gems/test-kitchen-3.2.2/lib/kitchen/config.rb:131:in `suites'
E, [2022-01-08T19:21:36.294075 #30108] ERROR -- Kitchen: /opt/chef-workstation/embedded/lib/ruby/gems/3.0.0/gems/test-kitchen-3.2.2/lib/kitchen/config.rb:183:in `filter_instances'
E, [2022-01-08T19:21:36.294092 #30108] ERROR -- Kitchen: /opt/chef-workstation/embedded/lib/ruby/gems/3.0.0/gems/test-kitchen-3.2.2/lib/kitchen/config.rb:142:in `build_instances'
E, [2022-01-08T19:21:36.294108 #30108] ERROR -- Kitchen: /opt/chef-workstation/embedded/lib/ruby/gems/3.0.0/gems/test-kitchen-3.2.2/lib/kitchen/config.rb:116:in `instances'
E, [2022-01-08T19:21:36.294124 #30108] ERROR -- Kitchen: /opt/chef-workstation/embedded/lib/ruby/gems/3.0.0/gems/test-kitchen-3.2.2/lib/kitchen/command.rb:109:in `filtered_instances'
E, [2022-01-08T19:21:36.294141 #30108] ERROR -- Kitchen: /opt/chef-workstation/embedded/lib/ruby/gems/3.0.0/gems/test-kitchen-3.2.2/lib/kitchen/command.rb:139:in `parse_subcommand'
E, [2022-01-08T19:21:36.294160 #30108] ERROR -- Kitchen: /opt/chef-workstation/embedded/lib/ruby/gems/3.0.0/gems/test-kitchen-3.2.2/lib/kitchen/command/list.rb:29:in `call'
E, [2022-01-08T19:21:36.294177 #30108] ERROR -- Kitchen: /opt/chef-workstation/embedded/lib/ruby/gems/3.0.0/gems/test-kitchen-3.2.2/lib/kitchen/cli.rb:52:in `perform'
E, [2022-01-08T19:21:36.294193 #30108] ERROR -- Kitchen: /opt/chef-workstation/embedded/lib/ruby/gems/3.0.0/gems/test-kitchen-3.2.2/lib/kitchen/cli.rb:120:in `list'
E, [2022-01-08T19:21:36.294209 #30108] ERROR -- Kitchen: /opt/chef-workstation/embedded/lib/ruby/gems/3.0.0/gems/thor-1.1.0/lib/thor/command.rb:27:in `run'
E, [2022-01-08T19:21:36.294225 #30108] ERROR -- Kitchen: /opt/chef-workstation/embedded/lib/ruby/gems/3.0.0/gems/thor-1.1.0/lib/thor/invocation.rb:127:in `invoke_command'
E, [2022-01-08T19:21:36.294241 #30108] ERROR -- Kitchen: /opt/chef-workstation/embedded/lib/ruby/gems/3.0.0/gems/thor-1.1.0/lib/thor.rb:392:in `dispatch'
E, [2022-01-08T19:21:36.294257 #30108] ERROR -- Kitchen: /opt/chef-workstation/embedded/lib/ruby/gems/3.0.0/gems/thor-1.1.0/lib/thor/base.rb:485:in `start'
E, [2022-01-08T19:21:36.294274 #30108] ERROR -- Kitchen: /opt/chef-workstation/embedded/lib/ruby/gems/3.0.0/gems/test-kitchen-3.2.2/bin/kitchen:11:in `block in <top (required)>'
E, [2022-01-08T19:21:36.294290 #30108] ERROR -- Kitchen: /opt/chef-workstation/embedded/lib/ruby/gems/3.0.0/gems/test-kitchen-3.2.2/lib/kitchen/errors.rb:183:in `with_friendly_errors'
E, [2022-01-08T19:21:36.294306 #30108] ERROR -- Kitchen: /opt/chef-workstation/embedded/lib/ruby/gems/3.0.0/gems/test-kitchen-3.2.2/bin/kitchen:11:in `<top (required)>'
E, [2022-01-08T19:21:36.294322 #30108] ERROR -- Kitchen: /usr/local/bin/kitchen:380:in `load'
E, [2022-01-08T19:21:36.294338 #30108] ERROR -- Kitchen: /usr/local/bin/kitchen:380:in `<main>'
E, [2022-01-08T19:21:36.294394 #30108] ERROR -- Kitchen: ----End Backtrace-----
